# JRE version: OpenJDK Runtime Environment Temurin-21.0.9+10 (21.0.9+10) (build 21.0.9+10-LTS)
# Java VM: OpenJDK 64-Bit Server VM Temurin-21.0.9+10 (21.0.9+10-LTS, mixed mode, sharing, tiered, compressed oops, compressed class ptrs, parallel gc, windows-amd64)
GC Precious Log:
 CardTable entry size: 512
 CPUs: 4 total, 4 available
 Memory: 6030M
 Large Page Support: Disabled
 NUMA Support: Disabled
 Compressed Oops: Enabled (32-bit)
 Alignments: Space 512K, Generation 512K, Heap 2M
 Heap Min Capacity: 100M
 Heap Initial Capacity: 100M
 Heap Max Capacity: 2G
 Pre-touch: Disabled
 Parallel Workers: 4
Heap:
 PSYoungGen      total 15360K, used 7893K [0x00000000d5580000, 0x00000000d6800000, 0x0000000100000000)
  eden space 14848K, 52% used [0x00000000d5580000,0x00000000d5d0d540,0x00000000d6400000)
  from space 512K, 31% used [0x00000000d6780000,0x00000000d67a8000,0x00000000d6800000)
  to   space 512K, 0% used [0x00000000d6700000,0x00000000d6700000,0x00000000d6780000)
 ParOldGen       total 72704K, used 72509K [0x0000000080000000, 0x0000000084700000, 0x00000000d5580000)
  object space 72704K, 99% used [0x0000000080000000,0x00000000846cf588,0x0000000084700000)
 Metaspace       used 73916K, committed 75520K, reserved 1179648K
  class space    used 8004K, committed 8704K, reserved 1048576K
GC Heap History (20 events):
Event: 41.718 GC heap before
{Heap before GC invocations=48 (full 3):
 PSYoungGen      total 18432K, used 17931K [0x00000000d5580000, 0x00000000d6980000, 0x0000000100000000)
  eden space 17408K, 100% used [0x00000000d5580000,0x00000000d6680000,0x00000000d6680000)
  from space 1024K, 51% used [0x00000000d6880000,0x00000000d6902c50,0x00000000d6980000)
  to   space 1024K, 0% used [0x00000000d6780000,0x00000000d6780000,0x00000000d6880000)
 ParOldGen       total 68608K, used 60296K [0x0000000080000000, 0x0000000084300000, 0x00000000d5580000)
  object space 68608K, 87% used [0x0000000080000000,0x0000000083ae2318,0x0000000084300000)
 Metaspace       used 64444K, committed 65728K, reserved 1114112K
  class space    used 6942K, committed 7488K, reserved 1048576K
}
Event: 41.724 GC heap after
{Heap after GC invocations=48 (full 3):
 PSYoungGen      total 18432K, used 1016K [0x00000000d5580000, 0x00000000d6c80000, 0x0000000100000000)
  eden space 17408K, 0% used [0x00000000d5580000,0x00000000d5580000,0x00000000d6680000)
  from space 1024K, 99% used [0x00000000d6780000,0x00000000d687e3b8,0x00000000d6880000)
  to   space 3072K, 0% used [0x00000000d6980000,0x00000000d6980000,0x00000000d6c80000)
 ParOldGen       total 68608K, used 61548K [0x0000000080000000, 0x0000000084300000, 0x00000000d5580000)
  object space 68608K, 89% used [0x0000000080000000,0x0000000083c1b070,0x0000000084300000)
 Metaspace       used 64444K, committed 65728K, reserved 1114112K
  class space    used 6942K, committed 7488K, reserved 1048576K
}
Event: 43.422 GC heap before
{Heap before GC invocations=49 (full 3):
 PSYoungGen      total 18432K, used 18424K [0x00000000d5580000, 0x00000000d6c80000, 0x0000000100000000)
  eden space 17408K, 100% used [0x00000000d5580000,0x00000000d6680000,0x00000000d6680000)
  from space 1024K, 99% used [0x00000000d6780000,0x00000000d687e3b8,0x00000000d6880000)
  to   space 3072K, 0% used [0x00000000d6980000,0x00000000d6980000,0x00000000d6c80000)
 ParOldGen       total 68608K, used 61548K [0x0000000080000000, 0x0000000084300000, 0x00000000d5580000)
  object space 68608K, 89% used [0x0000000080000000,0x0000000083c1b070,0x0000000084300000)
 Metaspace       used 65778K, committed 67136K, reserved 1114112K
  class space    used 6996K, committed 7552K, reserved 1048576K
}
Event: 43.433 GC heap after
{Heap after GC invocations=49 (full 3):
 PSYoungGen      total 17920K, used 3042K [0x00000000d5580000, 0x00000000d7180000, 0x0000000100000000)
  eden space 14848K, 0% used [0x00000000d5580000,0x00000000d5580000,0x00000000d6400000)
  from space 3072K, 99% used [0x00000000d6980000,0x00000000d6c78b28,0x00000000d6c80000)
  to   space 5632K, 0% used [0x00000000d6400000,0x00000000d6400000,0x00000000d6980000)
 ParOldGen       total 68608K, used 63178K [0x0000000080000000, 0x0000000084300000, 0x00000000d5580000)
  object space 68608K, 92% used [0x0000000080000000,0x0000000083db29b8,0x0000000084300000)
 Metaspace       used 65778K, committed 67136K, reserved 1114112K
  class space    used 6996K, committed 7552K, reserved 1048576K
}
Event: 44.767 GC heap before
{Heap before GC invocations=50 (full 3):
 PSYoungGen      total 17920K, used 17869K [0x00000000d5580000, 0x00000000d7180000, 0x0000000100000000)
  eden space 14848K, 99% used [0x00000000d5580000,0x00000000d63fa988,0x00000000d6400000)
  from space 3072K, 99% used [0x00000000d6980000,0x00000000d6c78b28,0x00000000d6c80000)
  to   space 5632K, 0% used [0x00000000d6400000,0x00000000d6400000,0x00000000d6980000)
 ParOldGen       total 68608K, used 63178K [0x0000000080000000, 0x0000000084300000, 0x00000000d5580000)
  object space 68608K, 92% used [0x0000000080000000,0x0000000083db29b8,0x0000000084300000)
 Metaspace       used 66469K, committed 67904K, reserved 1114112K
  class space    used 7068K, committed 7680K, reserved 1048576K
}
Event: 44.783 GC heap after
{Heap after GC invocations=50 (full 3):
 PSYoungGen      total 18944K, used 4072K [0x00000000d5580000, 0x00000000d6d00000, 0x0000000100000000)
  eden space 14848K, 0% used [0x00000000d5580000,0x00000000d5580000,0x00000000d6400000)
  from space 4096K, 99% used [0x00000000d6400000,0x00000000d67fa118,0x00000000d6800000)
  to   space 4608K, 0% used [0x00000000d6880000,0x00000000d6880000,0x00000000d6d00000)
 ParOldGen       total 68608K, used 66173K [0x0000000080000000, 0x0000000084300000, 0x00000000d5580000)
  object space 68608K, 96% used [0x0000000080000000,0x000000008409f648,0x0000000084300000)
 Metaspace       used 66469K, committed 67904K, reserved 1114112K
  class space    used 7068K, committed 7680K, reserved 1048576K
}
Event: 45.917 GC heap before
{Heap before GC invocations=51 (full 3):
 PSYoungGen      total 18944K, used 18920K [0x00000000d5580000, 0x00000000d6d00000, 0x0000000100000000)
  eden space 14848K, 100% used [0x00000000d5580000,0x00000000d6400000,0x00000000d6400000)
  from space 4096K, 99% used [0x00000000d6400000,0x00000000d67fa118,0x00000000d6800000)
  to   space 4608K, 0% used [0x00000000d6880000,0x00000000d6880000,0x00000000d6d00000)
 ParOldGen       total 68608K, used 66173K [0x0000000080000000, 0x0000000084300000, 0x00000000d5580000)
  object space 68608K, 96% used [0x0000000080000000,0x000000008409f648,0x0000000084300000)
 Metaspace       used 67395K, committed 68800K, reserved 1114112K
  class space    used 7148K, committed 7744K, reserved 1048576K
}
Event: 45.923 GC heap after
{Heap after GC invocations=51 (full 3):
 PSYoungGen      total 15872K, used 544K [0x00000000d5580000, 0x00000000d6980000, 0x0000000100000000)
  eden space 14848K, 0% used [0x00000000d5580000,0x00000000d5580000,0x00000000d6400000)
  from space 1024K, 53% used [0x00000000d6880000,0x00000000d6908000,0x00000000d6980000)
  to   space 2048K, 0% used [0x00000000d6580000,0x00000000d6580000,0x00000000d6780000)
 ParOldGen       total 69632K, used 69612K [0x0000000080000000, 0x0000000084400000, 0x00000000d5580000)
  object space 69632K, 99% used [0x0000000080000000,0x00000000843fb1f0,0x0000000084400000)
 Metaspace       used 67395K, committed 68800K, reserved 1114112K
  class space    used 7148K, committed 7744K, reserved 1048576K
}
Event: 47.566 GC heap before
{Heap before GC invocations=52 (full 3):
 PSYoungGen      total 15872K, used 15369K [0x00000000d5580000, 0x00000000d6980000, 0x0000000100000000)
  eden space 14848K, 99% used [0x00000000d5580000,0x00000000d63fa7e8,0x00000000d6400000)
  from space 1024K, 53% used [0x00000000d6880000,0x00000000d6908000,0x00000000d6980000)
  to   space 2048K, 0% used [0x00000000d6580000,0x00000000d6580000,0x00000000d6780000)
 ParOldGen       total 69632K, used 69612K [0x0000000080000000, 0x0000000084400000, 0x00000000d5580000)
  object space 69632K, 99% used [0x0000000080000000,0x00000000843fb1f0,0x0000000084400000)
 Metaspace       used 69079K, committed 70464K, reserved 1114112K
  class space    used 7346K, committed 7936K, reserved 1048576K
}
Event: 47.569 GC heap after
{Heap after GC invocations=52 (full 3):
 PSYoungGen      total 16896K, used 433K [0x00000000d5580000, 0x00000000d6900000, 0x0000000100000000)
  eden space 14848K, 0% used [0x00000000d5580000,0x00000000d5580000,0x00000000d6400000)
  from space 2048K, 21% used [0x00000000d6580000,0x00000000d65ec5c8,0x00000000d6780000)
  to   space 1024K, 0% used [0x00000000d6800000,0x00000000d6800000,0x00000000d6900000)
 ParOldGen       total 70144K, used 69878K [0x0000000080000000, 0x0000000084480000, 0x00000000d5580000)
  object space 70144K, 99% used [0x0000000080000000,0x000000008443dbe0,0x0000000084480000)
 Metaspace       used 69079K, committed 70464K, reserved 1114112K
  class space    used 7346K, committed 7936K, reserved 1048576K
}
Event: 48.103 GC heap before
{Heap before GC invocations=53 (full 3):
 PSYoungGen      total 16896K, used 15281K [0x00000000d5580000, 0x00000000d6900000, 0x0000000100000000)
  eden space 14848K, 100% used [0x00000000d5580000,0x00000000d6400000,0x00000000d6400000)
  from space 2048K, 21% used [0x00000000d6580000,0x00000000d65ec5c8,0x00000000d6780000)
  to   space 1024K, 0% used [0x00000000d6800000,0x00000000d6800000,0x00000000d6900000)
 ParOldGen       total 70144K, used 69878K [0x0000000080000000, 0x0000000084480000, 0x00000000d5580000)
  object space 70144K, 99% used [0x0000000080000000,0x000000008443dbe0,0x0000000084480000)
 Metaspace       used 70691K, committed 72192K, reserved 1114112K
  class space    used 7613K, committed 8256K, reserved 1048576K
}
Event: 48.106 GC heap after
{Heap after GC invocations=53 (full 3):
 PSYoungGen      total 15360K, used 464K [0x00000000d5580000, 0x00000000d6880000, 0x0000000100000000)
  eden space 14848K, 0% used [0x00000000d5580000,0x00000000d5580000,0x00000000d6400000)
  from space 512K, 90% used [0x00000000d6800000,0x00000000d6874010,0x00000000d6880000)
  to   space 512K, 0% used [0x00000000d6780000,0x00000000d6780000,0x00000000d6800000)
 ParOldGen       total 70656K, used 70221K [0x0000000080000000, 0x0000000084500000, 0x00000000d5580000)
  object space 70656K, 99% used [0x0000000080000000,0x00000000844937c0,0x0000000084500000)
 Metaspace       used 70691K, committed 72192K, reserved 1114112K
  class space    used 7613K, committed 8256K, reserved 1048576K
}
Event: 84.601 GC heap before
{Heap before GC invocations=54 (full 3):
 PSYoungGen      total 15360K, used 15267K [0x00000000d5580000, 0x00000000d6880000, 0x0000000100000000)
  eden space 14848K, 99% used [0x00000000d5580000,0x00000000d63f4e80,0x00000000d6400000)
  from space 512K, 90% used [0x00000000d6800000,0x00000000d6874010,0x00000000d6880000)
  to   space 512K, 0% used [0x00000000d6780000,0x00000000d6780000,0x00000000d6800000)
 ParOldGen       total 70656K, used 70221K [0x0000000080000000, 0x0000000084500000, 0x00000000d5580000)
  object space 70656K, 99% used [0x0000000080000000,0x00000000844937c0,0x0000000084500000)
 Metaspace       used 72510K, committed 74112K, reserved 1114112K
  class space    used 7890K, committed 8576K, reserved 1048576K
}
Event: 84.607 GC heap after
{Heap after GC invocations=54 (full 3):
 PSYoungGen      total 15360K, used 505K [0x00000000d5580000, 0x00000000d6880000, 0x0000000100000000)
  eden space 14848K, 0% used [0x00000000d5580000,0x00000000d5580000,0x00000000d6400000)
  from space 512K, 98% used [0x00000000d6780000,0x00000000d67fe5d8,0x00000000d6800000)
  to   space 512K, 0% used [0x00000000d6800000,0x00000000d6800000,0x00000000d6880000)
 ParOldGen       total 70656K, used 70636K [0x0000000080000000, 0x0000000084500000, 0x00000000d5580000)
  object space 70656K, 99% used [0x0000000080000000,0x00000000844fb0d0,0x0000000084500000)
 Metaspace       used 72510K, committed 74112K, reserved 1114112K
  class space    used 7890K, committed 8576K, reserved 1048576K
}
Event: 91.724 GC heap before
{Heap before GC invocations=55 (full 3):
 PSYoungGen      total 15360K, used 15353K [0x00000000d5580000, 0x00000000d6880000, 0x0000000100000000)
  eden space 14848K, 100% used [0x00000000d5580000,0x00000000d6400000,0x00000000d6400000)
  from space 512K, 98% used [0x00000000d6780000,0x00000000d67fe5d8,0x00000000d6800000)
  to   space 512K, 0% used [0x00000000d6800000,0x00000000d6800000,0x00000000d6880000)
 ParOldGen       total 70656K, used 70636K [0x0000000080000000, 0x0000000084500000, 0x00000000d5580000)
  object space 70656K, 99% used [0x0000000080000000,0x00000000844fb0d0,0x0000000084500000)
 Metaspace       used 73369K, committed 75008K, reserved 1179648K
  class space    used 7971K, committed 8704K, reserved 1048576K
}
Event: 91.730 GC heap after
{Heap after GC invocations=55 (full 3):
 PSYoungGen      total 15360K, used 512K [0x00000000d5580000, 0x00000000d6880000, 0x0000000100000000)
  eden space 14848K, 0% used [0x00000000d5580000,0x00000000d5580000,0x00000000d6400000)
  from space 512K, 100% used [0x00000000d6800000,0x00000000d6880000,0x00000000d6880000)
  to   space 2048K, 0% used [0x00000000d6480000,0x00000000d6480000,0x00000000d6680000)
 ParOldGen       total 72192K, used 71869K [0x0000000080000000, 0x0000000084680000, 0x00000000d5580000)
  object space 72192K, 99% used [0x0000000080000000,0x000000008462f6a0,0x0000000084680000)
 Metaspace       used 73369K, committed 75008K, reserved 1179648K
  class space    used 7971K, committed 8704K, reserved 1048576K
}
Event: 92.156 GC heap before
{Heap before GC invocations=56 (full 3):
 PSYoungGen      total 15360K, used 15360K [0x00000000d5580000, 0x00000000d6880000, 0x0000000100000000)
  eden space 14848K, 100% used [0x00000000d5580000,0x00000000d6400000,0x00000000d6400000)
  from space 512K, 100% used [0x00000000d6800000,0x00000000d6880000,0x00000000d6880000)
  to   space 2048K, 0% used [0x00000000d6480000,0x00000000d6480000,0x00000000d6680000)
 ParOldGen       total 72192K, used 71869K [0x0000000080000000, 0x0000000084680000, 0x00000000d5580000)
  object space 72192K, 99% used [0x0000000080000000,0x000000008462f6a0,0x0000000084680000)
 Metaspace       used 73478K, committed 75072K, reserved 1179648K
  class space    used 7971K, committed 8704K, reserved 1048576K
}
Event: 92.159 GC heap after
{Heap after GC invocations=56 (full 3):
 PSYoungGen      total 16896K, used 528K [0x00000000d5580000, 0x00000000d6880000, 0x0000000100000000)
  eden space 14848K, 0% used [0x00000000d5580000,0x00000000d5580000,0x00000000d6400000)
  from space 2048K, 25% used [0x00000000d6480000,0x00000000d6504010,0x00000000d6680000)
  to   space 1024K, 0% used [0x00000000d6780000,0x00000000d6780000,0x00000000d6880000)
 ParOldGen       total 72704K, used 72394K [0x0000000080000000, 0x0000000084700000, 0x00000000d5580000)
  object space 72704K, 99% used [0x0000000080000000,0x00000000846b28b0,0x0000000084700000)
 Metaspace       used 73478K, committed 75072K, reserved 1179648K
  class space    used 7971K, committed 8704K, reserved 1048576K
}
Event: 92.506 GC heap before
{Heap before GC invocations=57 (full 3):
 PSYoungGen      total 16896K, used 15376K [0x00000000d5580000, 0x00000000d6880000, 0x0000000100000000)
  eden space 14848K, 100% used [0x00000000d5580000,0x00000000d6400000,0x00000000d6400000)
  from space 2048K, 25% used [0x00000000d6480000,0x00000000d6504010,0x00000000d6680000)
  to   space 1024K, 0% used [0x00000000d6780000,0x00000000d6780000,0x00000000d6880000)
 ParOldGen       total 72704K, used 72394K [0x0000000080000000, 0x0000000084700000, 0x00000000d5580000)
  object space 72704K, 99% used [0x0000000080000000,0x00000000846b28b0,0x0000000084700000)
 Metaspace       used 73603K, committed 75200K, reserved 1179648K
  class space    used 7974K, committed 8704K, reserved 1048576K
}
Event: 92.508 GC heap after
{Heap after GC invocations=57 (full 3):
 PSYoungGen      total 15360K, used 160K [0x00000000d5580000, 0x00000000d6800000, 0x0000000100000000)
  eden space 14848K, 0% used [0x00000000d5580000,0x00000000d5580000,0x00000000d6400000)
  from space 512K, 31% used [0x00000000d6780000,0x00000000d67a8000,0x00000000d6800000)
  to   space 512K, 0% used [0x00000000d6700000,0x00000000d6700000,0x00000000d6780000)
 ParOldGen       total 72704K, used 72509K [0x0000000080000000, 0x0000000084700000, 0x00000000d5580000)
  object space 72704K, 99% used [0x0000000080000000,0x00000000846cf588,0x0000000084700000)
 Metaspace       used 73603K, committed 75200K, reserved 1179648K
  class space    used 7974K, committed 8704K, reserved 1048576K
}

